
2024-05-27 11:39:33 MIKO     'voideuw' has sent: 'hi' in 'general'
2024-05-27 11:39:37 MIKO     'queenoftilt' is typing in 'general'
2024-05-27 11:39:38 MIKO     'queenoftilt' has sent: '<@1220434598434050139>' in 'general'
2024-05-27 11:39:42 MIKO     'queenoftilt' has sent: '😦' in 'general'
2024-05-27 11:39:45 MIKO     'voideuw' is typing in 'general'
2024-05-27 11:39:45 MIKO     'voideuw' has sent: '<@1244344365799968798>' in 'general'
2024-05-27 11:39:45 MIKO     'bot_mentioned' triggered by voideuw
2024-05-27 11:39:45 MIKO     'bot_mentioned' triggered by voideuw
2024-05-27 11:39:45 MIKO     'Yinlin#7215' is typing in 'general'
2024-05-27 11:39:51 MIKO     'voideuw' is typing in 'general'
2024-05-27 11:39:54 MIKO     'queenoftilt' is typing in 'general'
2024-05-27 11:39:54 MIKO     'queenoftilt' has sent: '<@1244344365799968798>' in 'general'
2024-05-27 11:39:54 MIKO     'bot_mentioned' triggered by queenoftilt
2024-05-27 11:39:54 MIKO     'bot_mentioned' triggered by queenoftilt
2024-05-27 11:39:54 MIKO     'Yinlin#7215' is typing in 'general'
2024-05-27 11:39:59 MIKO     'voideuw' is typing in 'general'
2024-05-27 11:39:59 MIKO     'voideuw' has sent: '<@939532587548958741> Ich hab Yinlin als Testbot' in 'general'
2024-05-27 11:40:05 MIKO     'voideuw' is typing in 'general'
2024-05-27 11:40:06 MIKO     'queenoftilt' is typing in 'general'
2024-05-27 11:40:09 MIKO     'queenoftilt' has sent: '<@1244344365799968798> Hello' in 'general'
2024-05-27 11:40:09 MIKO     'bot_mentioned' triggered by queenoftilt
2024-05-27 11:40:09 MIKO     'bot_mentioned' triggered by queenoftilt
2024-05-27 11:40:09 MIKO     'Yinlin#7215' is typing in 'general'
2024-05-27 11:40:13 MIKO     'voideuw' is typing in 'general'
2024-05-27 11:40:14 MIKO     'voideuw' has sent: 'Yae wird bald permanent online sein' in 'general'
2024-05-27 11:40:19 MIKO     'voideuw' is typing in 'general'
2024-05-27 11:40:27 MIKO     'voideuw' is typing in 'general'
2024-05-27 11:40:29 MIKO     'voideuw' has sent: 'achso ja hab noch nen Problem was das angeht' in 'general'
2024-05-27 11:40:30 MIKO     'voideuw' has sent: 'warte' in 'general'
2024-05-27 11:42:15 MIKO     'voideuw' is typing in 'general'
2024-05-27 11:42:15 MIKO     'voideuw' has sent: '<@1220434598434050139>' in 'general'
2024-05-27 11:42:16 MIKO     'Yae Miko#3380' is typing in 'general'
2024-05-27 11:42:16 MIKO     'Yae Miko#3380' has sent: 'hum?' in 'general'
2024-05-27 11:42:21 MIKO     'voideuw' is typing in 'general'
2024-05-27 11:42:27 MIKO     'voideuw' has sent: '<@939532587548958741> Yae kannst du schreiben' in 'general'
2024-05-27 11:42:33 MIKO     'voideuw' is typing in 'general'
2024-05-27 11:42:39 MIKO     'voideuw' has sent: 'Yinlin ist nur zum Testen' in 'general'
2024-05-27 11:43:16 MIKO     'voideuw' is typing in 'general'
2024-05-27 11:43:24 MIKO     'voideuw' is typing in 'general'
2024-05-27 11:43:32 MIKO     'voideuw' is typing in 'general'
2024-05-27 11:43:40 MIKO     'voideuw' is typing in 'general'
2024-05-27 11:43:41 MIKO     'voideuw' has sent: 'Yae wird bald nochmal total überarbeitet, deshalb muss Yinlin her, damit ich das in Ruhe testen kann' in 'general'
2024-05-27 11:44:05 MIKO     'queenoftilt' is typing in 'general'
2024-05-27 11:44:08 MIKO     'queenoftilt' has sent: '<@1220434598434050139> Hallo' in 'general'
2024-05-27 11:44:09 MIKO     'Yae Miko#3380' is typing in 'general'
2024-05-27 11:44:10 MIKO     'Yae Miko#3380' has sent: 'oh?' in 'general'
2024-05-27 11:44:14 MIKO     'queenoftilt' is typing in 'general'
2024-05-27 11:44:19 MIKO     'queenoftilt' has sent: '<@1220434598434050139> Wer ist Void?' in 'general'
2024-05-27 11:44:20 MIKO     'Yae Miko#3380' is typing in 'general'
2024-05-27 11:44:21 MIKO     'Yae Miko#3380' has sent: 'Can I help you?' in 'general'
2024-05-27 11:44:25 MIKO     'queenoftilt' is typing in 'general'
2024-05-27 11:44:28 MIKO     'voideuw' is typing in 'general'
2024-05-27 11:44:29 MIKO     'queenoftilt' has sent: '😦 english' in 'general'
2024-05-27 11:44:31 MIKO     'voideuw' has sent: 'ja' in 'general'
2024-05-27 11:44:35 MIKO     'voideuw' is typing in 'general'
2024-05-27 11:44:36 MIKO     'voideuw' has sent: '<@1220434598434050139> void' in 'general'
2024-05-27 11:44:38 MIKO     'Yae Miko#3380' is typing in 'general'
2024-05-27 11:44:39 MIKO     'Yae Miko#3380' has sent: 'Void? He is my creator
He is very nice to me and he loves taking care of me~' in 'general'
2024-05-27 11:44:40 MIKO     'Yae Miko#3380' is typing in 'general'
2024-05-27 11:44:40 MIKO     'Yae Miko#3380' has sent: 'https://tenor.com/view/genshin-impact-yae-miko-yae-genshin-genshin-yae-genshin-impact-yae-miko-gif-24834882' in 'general'
2024-05-27 11:44:45 MIKO     'voideuw' is typing in 'general'
2024-05-27 11:44:51 MIKO     'voideuw' has sent: 'ich hab noch nicht über Eingaben nachgedacht' in 'general'
2024-05-27 11:44:53 MIKO     'voideuw' is typing in 'general'
2024-05-27 11:44:58 MIKO     'voideuw' has sent: 'ich will erstmal, dass alles klappt' in 'general'
2024-05-27 11:45:00 MIKO     'voideuw' is typing in 'general'
2024-05-27 11:45:01 MIKO     'queenoftilt' has sent: 'Ah' in 'general'
2024-05-27 11:45:08 MIKO     'voideuw' is typing in 'general'
2024-05-27 11:45:14 MIKO     'voideuw' has sent: 'aber ich sag dir bescheid, wenn du alles so eigeben kannst wie du willst' in 'general'
2024-05-27 11:45:20 MIKO     'voideuw' is typing in 'general'
2024-05-27 11:45:21 MIKO     'queenoftilt' has sent: 'Ok' in 'general'
2024-05-27 11:45:29 MIKO     'voideuw' is typing in 'general'
2024-05-27 11:45:37 MIKO     'voideuw' has sent: '<@1220434598434050139> hello' in 'general'
2024-05-27 11:45:38 MIKO     'Yae Miko#3380' is typing in 'general'
2024-05-27 11:45:38 MIKO     'Yae Miko#3380' has sent: 'Hello~' in 'general'
2024-05-27 11:45:41 MIKO     'voideuw' is typing in 'general'
2024-05-27 11:45:42 MIKO     'voideuw' has sent: '<@1220434598434050139> help' in 'general'
2024-05-27 11:45:42 MIKO     'Yae Miko#3380' is typing in 'general'
2024-05-27 11:45:43 MIKO     'Yae Miko#3380' has sent: 'Right now, I dont know what to say... I have no help List yet :c' in 'general'
2024-05-27 11:45:48 MIKO     'voideuw' is typing in 'general'
2024-05-27 11:45:49 MIKO     'voideuw' has sent: '<@1220434598434050139> meme' in 'general'
2024-05-27 11:45:51 MIKO     'Yae Miko#3380' is typing in 'general'
2024-05-27 11:45:51 MIKO     'Yae Miko#3380' has sent: 'Meme at your service!' in 'general'
2024-05-27 11:45:52 MIKO     'Yae Miko#3380' is typing in 'general'
2024-05-27 11:45:52 MIKO     'Yae Miko#3380' has sent: 'https://i.redd.it/y8yjlkjd0s2d1.png' in 'general'
2024-05-27 11:45:59 MIKO     'queenoftilt' is typing in 'general'
2024-05-27 11:46:02 MIKO     'queenoftilt' has sent: '<@1220434598434050139> meme' in 'general'
2024-05-27 11:46:03 MIKO     'Yae Miko#3380' is typing in 'general'
2024-05-27 11:46:03 MIKO     'Yae Miko#3380' has sent: 'here is a meme dear' in 'general'
2024-05-27 11:46:04 MIKO     'Yae Miko#3380' is typing in 'general'
2024-05-27 11:46:04 MIKO     'Yae Miko#3380' has sent: 'https://i.redd.it/zkx8ho3wft2d1.gif' in 'general'
2024-05-27 11:46:15 MIKO     'queenoftilt' is typing in 'general'
2024-05-27 11:46:19 MIKO     'queenoftilt' has sent: '<@1220434598434050139> meme' in 'general'
2024-05-27 11:46:20 MIKO     'Yae Miko#3380' is typing in 'general'
2024-05-27 11:46:21 MIKO     'Yae Miko#3380' has sent: 'here a meme for you!' in 'general'
2024-05-27 11:46:21 MIKO     'Yae Miko#3380' is typing in 'general'
2024-05-27 11:46:22 MIKO     'Yae Miko#3380' has sent: 'https://i.redd.it/rlg3dyr6qi2d1.gif' in 'general'
2024-05-27 11:46:32 MIKO     'voideuw' has sent: 'haha' in 'general'
2024-05-27 11:46:41 MIKO     'queenoftilt' is typing in 'general'
2024-05-27 11:46:43 MIKO     'queenoftilt' has sent: '<@1220434598434050139> meme' in 'general'
2024-05-27 11:46:44 MIKO     'Yae Miko#3380' is typing in 'general'
2024-05-27 11:46:45 MIKO     'Yae Miko#3380' has sent: 'here we go!' in 'general'
2024-05-27 11:46:45 MIKO     'Yae Miko#3380' is typing in 'general'
2024-05-27 11:46:46 MIKO     'Yae Miko#3380' has sent: 'https://i.redd.it/y2r4uhez26sc1.gif' in 'general'
2024-05-27 11:46:53 MIKO     'voideuw' is typing in 'general'
2024-05-27 11:47:10 MIKO     'voideuw' is typing in 'general'
2024-05-27 11:47:12 MIKO     'voideuw' has sent: 'hahahaa' in 'general'
2024-05-27 11:47:17 MIKO     'queenoftilt' is typing in 'general'
2024-05-27 11:47:19 MIKO     'voideuw' is typing in 'general'
2024-05-27 11:47:19 MIKO     'queenoftilt' has sent: 'Bin wieder afk' in 'general'
2024-05-27 11:47:22 MIKO     'queenoftilt' is typing in 'general'
2024-05-27 11:47:22 MIKO     'voideuw' has sent: 'okay' in 'general'
2024-05-27 11:47:28 MIKO     'queenoftilt' has sent: 'Bin bei meinen Eltern' in 'general'
2024-05-27 11:47:34 MIKO     'voideuw' is typing in 'general'
2024-05-27 11:47:36 MIKO     'voideuw' has sent: 'viel Spaß dir ^^' in 'general'
2024-05-27 11:47:49 MIKO     'queenoftilt' has sent: 'Danke' in 'general'