
2024-05-27 11:44:13 MIKO     'Yae Miko#3380' has sent: '2024-05-27 09:44:12 MIKO     'Yinlin' joined Void's Server' in '🗄miko-log'
2024-05-27 11:44:13 MIKO     'Yae Miko#3380' has sent: 'Yinlin hopped in!' in 'welcome'
2024-05-27 11:44:14 MIKO     'Yae Miko#3380' has sent: '2024-05-27 09:44:14 MIKO     'queenoftilt' is typing in 'general'' in '🗄miko-log'
2024-05-27 11:44:19 MIKO     'Yae Miko#3380' has sent: '2024-05-27 09:44:19 MIKO     'queenoftilt' has sent: '<@1220434598434050139> Wer ist Void?' in 'general'' in '🗄miko-log'
2024-05-27 11:44:20 MIKO     'Yae Miko#3380' has sent: '2024-05-27 09:44:19 MIKO     'bot_mentioned' triggered by queenoftilt' in '🗄miko-log'
2024-05-27 11:44:20 MIKO     'Yae Miko#3380' has sent: '2024-05-27 09:44:20 MIKO     'bot_mentioned' triggered by queenoftilt' in '🗄miko-log'
2024-05-27 11:44:20 MIKO     'Yae Miko#3380' has sent: '2024-05-27 09:44:20 MIKO     'Yae Miko#3380' is typing in 'general'' in '🗄miko-log'
2024-05-27 11:44:26 MIKO     'Yae Miko#3380' has sent: '2024-05-27 09:44:25 MIKO     'queenoftilt' is typing in 'general'' in '🗄miko-log'
2024-05-27 11:44:28 MIKO     'Yae Miko#3380' has sent: '2024-05-27 09:44:28 MIKO     'voideuw' is typing in 'general'' in '🗄miko-log'
2024-05-27 11:44:29 MIKO     'Yae Miko#3380' has sent: '2024-05-27 09:44:29 MIKO     'queenoftilt' has sent: '😦 english' in 'general'' in '🗄miko-log'
2024-05-27 11:44:32 MIKO     'Yae Miko#3380' has sent: '2024-05-27 09:44:31 MIKO     'voideuw' has sent: 'ja' in 'general'' in '🗄miko-log'
2024-05-27 11:44:36 MIKO     'Yae Miko#3380' has sent: '2024-05-27 09:44:35 MIKO     'voideuw' is typing in 'general'' in '🗄miko-log'
2024-05-27 11:44:37 MIKO     'Yae Miko#3380' has sent: '2024-05-27 09:44:36 MIKO     'voideuw' has sent: '<@1220434598434050139> void' in 'general'' in '🗄miko-log'
2024-05-27 11:44:38 MIKO     'Yae Miko#3380' has sent: '2024-05-27 09:44:38 MIKO     'bot_person_void' triggered by voideuw' in '🗄miko-log'
2024-05-27 11:44:38 MIKO     'Yae Miko#3380' has sent: '2024-05-27 09:44:38 MIKO     'Yae Miko#3380' is typing in 'general'' in '🗄miko-log'
2024-05-27 11:44:40 MIKO     'Yae Miko#3380' has sent: '2024-05-27 09:44:40 MIKO     'Yae Miko#3380' is typing in 'general'' in '🗄miko-log'
2024-05-27 11:44:40 MIKO     'Yae Miko#3380' changed a message in 'general': 'https://tenor.com/view/genshin-impact-yae-miko-yae-genshin-genshin-yae-genshin-impact-yae-miko-gif-24834882' -> 'https://tenor.com/view/genshin-impact-yae-miko-yae-genshin-genshin-yae-genshin-impact-yae-miko-gif-24834882'
2024-05-27 11:44:41 MIKO     'Yae Miko#3380' has sent: '2024-05-27 09:44:40 MIKO     'Yae Miko#3380' changed a message in 'general': 'https://tenor.com/view/genshin-impact-yae-miko-yae-genshin-genshin-yae-genshin-impact-yae-miko-gif-24834882' -> 'https://tenor.com/view/genshin-impact-yae-miko-yae-genshin-genshin-yae-genshin-impact-yae-miko-gif-24834882'' in '🗄miko-log'
2024-05-27 11:44:45 MIKO     'Yae Miko#3380' has sent: '2024-05-27 09:44:45 MIKO     'voideuw' is typing in 'general'' in '🗄miko-log'
2024-05-27 11:44:51 MIKO     'Yae Miko#3380' has sent: '2024-05-27 09:44:51 MIKO     'voideuw' has sent: 'ich hab noch nicht über Eingaben nachgedacht' in 'general'' in '🗄miko-log'
2024-05-27 11:44:53 MIKO     'Yae Miko#3380' has sent: '2024-05-27 09:44:53 MIKO     'voideuw' is typing in 'general'' in '🗄miko-log'
2024-05-27 11:44:58 MIKO     'Yae Miko#3380' has sent: '2024-05-27 09:44:58 MIKO     'voideuw' has sent: 'ich will erstmal, dass alles klappt' in 'general'' in '🗄miko-log'
2024-05-27 11:45:00 MIKO     'Yae Miko#3380' has sent: '2024-05-27 09:45:00 MIKO     'voideuw' is typing in 'general'' in '🗄miko-log'
2024-05-27 11:45:02 MIKO     'Yae Miko#3380' has sent: '2024-05-27 09:45:01 MIKO     'queenoftilt' has sent: 'Ah' in 'general'' in '🗄miko-log'
2024-05-27 11:45:08 MIKO     'Yae Miko#3380' has sent: '2024-05-27 09:45:08 MIKO     'voideuw' is typing in 'general'' in '🗄miko-log'
2024-05-27 11:45:14 MIKO     'Yae Miko#3380' has sent: '2024-05-27 09:45:14 MIKO     'voideuw' has sent: 'aber ich sag dir bescheid, wenn du alles so eigeben kannst wie du willst' in 'general'' in '🗄miko-log'
2024-05-27 11:45:20 MIKO     'Yae Miko#3380' has sent: '2024-05-27 09:45:20 MIKO     'voideuw' is typing in 'general'' in '🗄miko-log'
2024-05-27 11:45:21 MIKO     'Yae Miko#3380' has sent: '2024-05-27 09:45:21 MIKO     'queenoftilt' has sent: 'Ok' in 'general'' in '🗄miko-log'
2024-05-27 11:45:29 MIKO     'Yae Miko#3380' has sent: '2024-05-27 09:45:29 MIKO     'voideuw' is typing in 'general'' in '🗄miko-log'
2024-05-27 11:45:37 MIKO     'Yae Miko#3380' has sent: '2024-05-27 09:45:37 MIKO     'voideuw' has sent: '<@1220434598434050139> hello' in 'general'' in '🗄miko-log'
2024-05-27 11:45:38 MIKO     'Yae Miko#3380' has sent: '2024-05-27 09:45:38 MIKO     'Yae Miko#3380' is typing in 'general'' in '🗄miko-log'
2024-05-27 11:45:41 MIKO     'Yae Miko#3380' has sent: '2024-05-27 09:45:41 MIKO     'voideuw' is typing in 'general'' in '🗄miko-log'
2024-05-27 11:45:42 MIKO     'Yae Miko#3380' has sent: '2024-05-27 09:45:42 MIKO     'voideuw' has sent: '<@1220434598434050139> help' in 'general'' in '🗄miko-log'
2024-05-27 11:45:42 MIKO     'Yae Miko#3380' has sent: '2024-05-27 09:45:42 MIKO     'bot_help' triggered by voideuw' in '🗄miko-log'
2024-05-27 11:45:42 MIKO     'Yae Miko#3380' has sent: '2024-05-27 09:45:42 MIKO     'Yae Miko#3380' is typing in 'general'' in '🗄miko-log'
2024-05-27 11:45:48 MIKO     'Yae Miko#3380' has sent: '2024-05-27 09:45:48 MIKO     'voideuw' is typing in 'general'' in '🗄miko-log'
2024-05-27 11:45:50 MIKO     'Yae Miko#3380' has sent: '2024-05-27 09:45:49 MIKO     'voideuw' has sent: '<@1220434598434050139> meme' in 'general'' in '🗄miko-log'
2024-05-27 11:45:50 MIKO     'Yae Miko#3380' has sent: '2024-05-27 09:45:50 MIKO     'bot_memes' triggered by voideuw' in '🗄miko-log'
2024-05-27 11:45:51 MIKO     'Yae Miko#3380' has sent: '2024-05-27 09:45:51 MIKO     'Yae Miko#3380' is typing in 'general'' in '🗄miko-log'
2024-05-27 11:45:52 MIKO     'Yae Miko#3380' has sent: '2024-05-27 09:45:52 MIKO     'Yae Miko#3380' is typing in 'general'' in '🗄miko-log'
2024-05-27 11:45:52 MIKO     'Yae Miko#3380' changed a message in 'general': 'https://i.redd.it/y8yjlkjd0s2d1.png' -> 'https://i.redd.it/y8yjlkjd0s2d1.png'
2024-05-27 11:45:52 MIKO     'Yae Miko#3380' has sent: '2024-05-27 09:45:52 MIKO     'Yae Miko#3380' changed a message in 'general': 'https://i.redd.it/y8yjlkjd0s2d1.png' -> 'https://i.redd.it/y8yjlkjd0s2d1.png'' in '🗄miko-log'
2024-05-27 11:45:59 MIKO     'Yae Miko#3380' has sent: '2024-05-27 09:45:59 MIKO     'queenoftilt' is typing in 'general'' in '🗄miko-log'
2024-05-27 11:46:02 MIKO     'Yae Miko#3380' has sent: '2024-05-27 09:46:02 MIKO     'queenoftilt' has sent: '<@1220434598434050139> meme' in 'general'' in '🗄miko-log'
2024-05-27 11:46:02 MIKO     'Yae Miko#3380' has sent: '2024-05-27 09:46:02 MIKO     'bot_memes' triggered by queenoftilt' in '🗄miko-log'
2024-05-27 11:46:03 MIKO     'Yae Miko#3380' has sent: '2024-05-27 09:46:03 MIKO     'Yae Miko#3380' is typing in 'general'' in '🗄miko-log'
2024-05-27 11:46:04 MIKO     'Yae Miko#3380' has sent: '2024-05-27 09:46:04 MIKO     'Yae Miko#3380' is typing in 'general'' in '🗄miko-log'
2024-05-27 11:46:04 MIKO     'Yae Miko#3380' changed a message in 'general': 'https://i.redd.it/zkx8ho3wft2d1.gif' -> 'https://i.redd.it/zkx8ho3wft2d1.gif'
2024-05-27 11:46:04 MIKO     'Yae Miko#3380' has sent: '2024-05-27 09:46:04 MIKO     'Yae Miko#3380' changed a message in 'general': 'https://i.redd.it/zkx8ho3wft2d1.gif' -> 'https://i.redd.it/zkx8ho3wft2d1.gif'' in '🗄miko-log'
2024-05-27 11:46:16 MIKO     'Yae Miko#3380' has sent: '2024-05-27 09:46:15 MIKO     'queenoftilt' is typing in 'general'' in '🗄miko-log'
2024-05-27 11:46:19 MIKO     'Yae Miko#3380' has sent: '2024-05-27 09:46:19 MIKO     'queenoftilt' has sent: '<@1220434598434050139> meme' in 'general'' in '🗄miko-log'
2024-05-27 11:46:20 MIKO     'Yae Miko#3380' has sent: '2024-05-27 09:46:19 MIKO     'bot_memes' triggered by queenoftilt' in '🗄miko-log'
2024-05-27 11:46:21 MIKO     'Yae Miko#3380' has sent: '2024-05-27 09:46:21 MIKO     'Yae Miko#3380' is typing in 'general'' in '🗄miko-log'
2024-05-27 11:46:22 MIKO     'Yae Miko#3380' has sent: '2024-05-27 09:46:20 MIKO     'Yae Miko#3380' is typing in 'general'' in '🗄miko-log'
2024-05-27 11:46:32 MIKO     'Yae Miko#3380' has sent: '2024-05-27 09:46:32 MIKO     'voideuw' has sent: 'haha' in 'general'' in '🗄miko-log'
2024-05-27 11:46:41 MIKO     'Yae Miko#3380' has sent: '2024-05-27 09:46:41 MIKO     'queenoftilt' is typing in 'general'' in '🗄miko-log'
2024-05-27 11:46:43 MIKO     'Yae Miko#3380' has sent: '2024-05-27 09:46:43 MIKO     'queenoftilt' has sent: '<@1220434598434050139> meme' in 'general'' in '🗄miko-log'
2024-05-27 11:46:44 MIKO     'Yae Miko#3380' has sent: '2024-05-27 09:46:44 MIKO     'bot_memes' triggered by queenoftilt' in '🗄miko-log'
2024-05-27 11:46:45 MIKO     'Yae Miko#3380' has sent: '2024-05-27 09:46:45 MIKO     'Yae Miko#3380' is typing in 'general'' in '🗄miko-log'
2024-05-27 11:46:45 MIKO     'Yae Miko#3380' has sent: '2024-05-27 09:46:45 MIKO     'Yae Miko#3380' is typing in 'general'' in '🗄miko-log'
2024-05-27 11:46:46 MIKO     'Yae Miko#3380' changed a message in 'general': 'https://i.redd.it/y2r4uhez26sc1.gif' -> 'https://i.redd.it/y2r4uhez26sc1.gif'
2024-05-27 11:46:46 MIKO     'Yae Miko#3380' has sent: '2024-05-27 09:46:46 MIKO     'Yae Miko#3380' changed a message in 'general': 'https://i.redd.it/y2r4uhez26sc1.gif' -> 'https://i.redd.it/y2r4uhez26sc1.gif'' in '🗄miko-log'
2024-05-27 11:46:54 MIKO     'Yae Miko#3380' has sent: '2024-05-27 09:46:53 MIKO     'voideuw' is typing in 'general'' in '🗄miko-log'
2024-05-27 11:47:11 MIKO     'Yae Miko#3380' has sent: '2024-05-27 09:47:10 MIKO     'voideuw' is typing in 'general'' in '🗄miko-log'
2024-05-27 11:47:12 MIKO     'Yae Miko#3380' has sent: '2024-05-27 09:47:12 MIKO     'voideuw' has sent: 'hahahaa' in 'general'' in '🗄miko-log'
2024-05-27 11:47:18 MIKO     'Yae Miko#3380' has sent: '2024-05-27 09:47:17 MIKO     'queenoftilt' is typing in 'general'' in '🗄miko-log'
2024-05-27 11:47:19 MIKO     'Yae Miko#3380' has sent: '2024-05-27 09:47:19 MIKO     'voideuw' is typing in 'general'' in '🗄miko-log'
2024-05-27 11:47:20 MIKO     'Yae Miko#3380' has sent: '2024-05-27 09:47:19 MIKO     'queenoftilt' has sent: 'Bin wieder afk' in 'general'' in '🗄miko-log'
2024-05-27 11:47:22 MIKO     'Yae Miko#3380' has sent: '2024-05-27 09:47:22 MIKO     'queenoftilt' is typing in 'general'' in '🗄miko-log'
2024-05-27 11:47:22 MIKO     'Yae Miko#3380' has sent: '2024-05-27 09:47:22 MIKO     'voideuw' has sent: 'okay' in 'general'' in '🗄miko-log'
2024-05-27 11:47:28 MIKO     'Yae Miko#3380' has sent: '2024-05-27 09:47:28 MIKO     'queenoftilt' has sent: 'Bin bei meinen Eltern' in 'general'' in '🗄miko-log'
2024-05-27 11:47:34 MIKO     'Yae Miko#3380' has sent: '2024-05-27 09:47:34 MIKO     'voideuw' is typing in 'general'' in '🗄miko-log'
2024-05-27 11:47:37 MIKO     'Yae Miko#3380' has sent: '2024-05-27 09:47:36 MIKO     'voideuw' has sent: 'viel Spaß dir ^^' in 'general'' in '🗄miko-log'
2024-05-27 11:47:49 MIKO     'Yae Miko#3380' has sent: '2024-05-27 09:47:49 MIKO     'queenoftilt' has sent: 'Danke' in 'general'' in '🗄miko-log'